<?xml version="1.0" encoding="UTF-8"?>
<testsuite xmlns:xsi="http://www.w3.org/2001/XMLSchema-instance" xsi:noNamespaceSchemaLocation="https://maven.apache.org/surefire/maven-surefire-plugin/xsd/surefire-test-report-3.0.xsd" version="3.0" name="com.windsurf.movietheater.MovieTicketBookingTest" time="1.388" tests="1" errors="0" skipped="0" failures="0">
  <properties>
[...]
</properties>
  <testcase name="contextLoads" classname="com.windsurf.movietheater.MovieTicketBookingTest" time="0.211">
    <system-out><![CDATA[15:40:13.462 [main] DEBUG org.springframework.test.context.BootstrapUtils - Instantiating CacheAwareContextLoaderDelegate from class [org.springframework.test.context.cache.DefaultCacheAwareContextLoaderDelegate]
15:40:13.471 [main] DEBUG org.springframework.test.context.BootstrapUtils - Instantiating BootstrapContext using constructor [public org.springframework.test.context.support.DefaultBootstrapContext(java.lang.Class,org.springframework.test.context.CacheAwareContextLoaderDelegate)]
15:40:13.506 [main] DEBUG org.springframework.test.context.BootstrapUtils - Instantiating TestContextBootstrapper for test class [com.windsurf.movietheater.MovieTicketBookingTest] from class [org.springframework.boot.test.context.SpringBootTestContextBootstrapper]
15:40:13.513 [main] INFO org.springframework.boot.test.context.SpringBootTestContextBootstrapper - Neither @ContextConfiguration nor @ContextHierarchy found for test class [com.windsurf.movietheater.MovieTicketBookingTest], using SpringBootContextLoader
15:40:13.516 [main] DEBUG org.springframework.test.context.support.AbstractContextLoader - Did not detect default resource location for test class [com.windsurf.movietheater.MovieTicketBookingTest]: class path resource [com/windsurf/movietheater/MovieTicketBookingTest-context.xml] does not exist
15:40:13.516 [main] DEBUG org.springframework.test.context.support.AbstractContextLoader - Did not detect default resource location for test class [com.windsurf.movietheater.MovieTicketBookingTest]: class path resource [com/windsurf/movietheater/MovieTicketBookingTestContext.groovy] does not exist
15:40:13.516 [main] INFO org.springframework.test.context.support.AbstractContextLoader - Could not detect default resource locations for test class [com.windsurf.movietheater.MovieTicketBookingTest]: no resource found for suffixes {-context.xml, Context.groovy}.
15:40:13.517 [main] INFO org.springframework.test.context.support.AnnotationConfigContextLoaderUtils - Could not detect default configuration classes for test class [com.windsurf.movietheater.MovieTicketBookingTest]: MovieTicketBookingTest does not declare any static, non-private, non-final, nested classes annotated with @Configuration.
15:40:13.539 [main] DEBUG org.springframework.test.context.support.ActiveProfilesUtils - Could not find an 'annotation declaring class' for annotation type [org.springframework.test.context.ActiveProfiles] and class [com.windsurf.movietheater.MovieTicketBookingTest]
15:40:13.580 [main] DEBUG org.springframework.context.annotation.ClassPathScanningCandidateComponentProvider - Identified candidate component class: file [/Users/m0h0m1f/Code/SampleWindsurfApp/target/classes/com/windsurf/movietheater/MovieTicketBooking.class]
15:40:13.584 [main] INFO org.springframework.boot.test.context.SpringBootTestContextBootstrapper - Found @SpringBootConfiguration com.windsurf.movietheater.MovieTicketBooking for test class com.windsurf.movietheater.MovieTicketBookingTest
15:40:13.641 [main] DEBUG org.springframework.boot.test.context.SpringBootTestContextBootstrapper - @TestExecutionListeners is not present for class [com.windsurf.movietheater.MovieTicketBookingTest]: using defaults.
15:40:13.641 [main] INFO org.springframework.boot.test.context.SpringBootTestContextBootstrapper - Loaded default TestExecutionListener class names from location [META-INF/spring.factories]: [org.springframework.boot.test.mock.mockito.MockitoTestExecutionListener, org.springframework.boot.test.mock.mockito.ResetMocksTestExecutionListener, org.springframework.boot.test.autoconfigure.restdocs.RestDocsTestExecutionListener, org.springframework.boot.test.autoconfigure.web.client.MockRestServiceServerResetTestExecutionListener, org.springframework.boot.test.autoconfigure.web.servlet.MockMvcPrintOnlyOnFailureTestExecutionListener, org.springframework.boot.test.autoconfigure.web.servlet.WebDriverTestExecutionListener, org.springframework.boot.test.autoconfigure.webservices.client.MockWebServiceServerTestExecutionListener, org.springframework.test.context.web.ServletTestExecutionListener, org.springframework.test.context.support.DirtiesContextBeforeModesTestExecutionListener, org.springframework.test.context.event.ApplicationEventsTestExecutionListener, org.springframework.test.context.support.DependencyInjectionTestExecutionListener, org.springframework.test.context.support.DirtiesContextTestExecutionListener, org.springframework.test.context.transaction.TransactionalTestExecutionListener, org.springframework.test.context.jdbc.SqlScriptsTestExecutionListener, org.springframework.test.context.event.EventPublishingTestExecutionListener]
15:40:13.650 [main] DEBUG org.springframework.boot.test.context.SpringBootTestContextBootstrapper - Skipping candidate TestExecutionListener [org.springframework.test.context.transaction.TransactionalTestExecutionListener] due to a missing dependency. Specify custom listener classes or make the default listener classes and their required dependencies available. Offending class: [org/springframework/transaction/TransactionDefinition]
15:40:13.650 [main] DEBUG org.springframework.boot.test.context.SpringBootTestContextBootstrapper - Skipping candidate TestExecutionListener [org.springframework.test.context.jdbc.SqlScriptsTestExecutionListener] due to a missing dependency. Specify custom listener classes or make the default listener classes and their required dependencies available. Offending class: [org/springframework/transaction/interceptor/TransactionAttribute]
15:40:13.651 [main] INFO org.springframework.boot.test.context.SpringBootTestContextBootstrapper - Using TestExecutionListeners: [org.springframework.test.context.web.ServletTestExecutionListener@2eb917d0, org.springframework.test.context.support.DirtiesContextBeforeModesTestExecutionListener@c6b2dd9, org.springframework.test.context.event.ApplicationEventsTestExecutionListener@73437222, org.springframework.boot.test.mock.mockito.MockitoTestExecutionListener@ca93621, org.springframework.boot.test.autoconfigure.SpringBootDependencyInjectionTestExecutionListener@6a48a7f3, org.springframework.test.context.support.DirtiesContextTestExecutionListener@3f985a86, org.springframework.test.context.event.EventPublishingTestExecutionListener@57a2ed35, org.springframework.boot.test.mock.mockito.ResetMocksTestExecutionListener@12ffd1de, org.springframework.boot.test.autoconfigure.restdocs.RestDocsTestExecutionListener@3d278b4d, org.springframework.boot.test.autoconfigure.web.client.MockRestServiceServerResetTestExecutionListener@4096aa05, org.springframework.boot.test.autoconfigure.web.servlet.MockMvcPrintOnlyOnFailureTestExecutionListener@9d3c67, org.springframework.boot.test.autoconfigure.web.servlet.WebDriverTestExecutionListener@6c806c8b, org.springframework.boot.test.autoconfigure.webservices.client.MockWebServiceServerTestExecutionListener@6dfcffb5]
15:40:13.653 [main] DEBUG org.springframework.test.context.support.AbstractDirtiesContextTestExecutionListener - Before test class: context [DefaultTestContext@3681037 testClass = MovieTicketBookingTest, testInstance = [null], testMethod = [null], testException = [null], mergedContextConfiguration = [WebMergedContextConfiguration@2459319c testClass = MovieTicketBookingTest, locations = '{}', classes = '{class com.windsurf.movietheater.MovieTicketBooking}', contextInitializerClasses = '[]', activeProfiles = '{}', propertySourceLocations = '{}', propertySourceProperties = '{org.springframework.boot.test.context.SpringBootTestContextBootstrapper=true}', contextCustomizers = set[org.springframework.boot.test.context.filter.ExcludeFilterContextCustomizer@2a7b6f69, org.springframework.boot.test.json.DuplicateJsonObjectContextCustomizerFactory$DuplicateJsonObjectContextCustomizer@7db0565c, org.springframework.boot.test.mock.mockito.MockitoContextCustomizer@0, org.springframework.boot.test.web.client.TestRestTemplateContextCustomizer@37d3d232, org.springframework.boot.test.autoconfigure.actuate.metrics.MetricsExportContextCustomizerFactory$DisableMetricExportContextCustomizer@3caa4757, org.springframework.boot.test.autoconfigure.properties.PropertyMappingContextCustomizer@0, org.springframework.boot.test.autoconfigure.web.servlet.WebDriverContextCustomizerFactory$Customizer@2fa7ae9, org.springframework.boot.test.context.SpringBootTestArgs@1, org.springframework.boot.test.context.SpringBootTestWebEnvironment@7d4f9aae], resourceBasePath = 'src/main/webapp', contextLoader = 'org.springframework.boot.test.context.SpringBootContextLoader', parent = [null]], attributes = map['org.springframework.test.context.web.ServletTestExecutionListener.activateListener' -> true]], class annotated with @DirtiesContext [false] with mode [null].
15:40:13.672 [main] DEBUG org.springframework.test.context.support.TestPropertySourceUtils - Adding inlined properties to environment: {spring.jmx.enabled=false, org.springframework.boot.test.context.SpringBootTestContextBootstrapper=true}

  .   ____          _            __ _ _
 /\\ / ___'_ __ _ _(_)_ __  __ _ \ \ \ \
( ( )\___ | '_ | '_| | '_ \/ _` | \ \ \ \
 \\/  ___)| |_)| | | | | || (_| |  ) ) ) )
  '  |____| .__|_| |_|_| |_\__, | / / / /
 =========|_|==============|___/=/_/_/_/
 :: Spring Boot ::                (v2.5.4)

2025-07-03 15:40:13.812  INFO 32096 --- [           main] c.w.movietheater.MovieTicketBookingTest  : Starting MovieTicketBookingTest using Java 17.0.8 on m-k6yvvqrpgp with PID 32096 (started by m0h0m1f in /Users/m0h0m1f/Code/SampleWindsurfApp)
2025-07-03 15:40:13.813  INFO 32096 --- [           main] c.w.movietheater.MovieTicketBookingTest  : No active profile set, falling back to default profiles: default
2025-07-03 15:40:14.484  INFO 32096 --- [           main] o.s.b.a.w.s.WelcomePageHandlerMapping    : Adding welcome page template: index
2025-07-03 15:40:14.572  INFO 32096 --- [           main] c.w.movietheater.MovieTicketBookingTest  : Started MovieTicketBookingTest in 0.896 seconds (JVM running for 1.554)
]]></system-out>
  </testcase>
</testsuite>